<?xml version="1.0" encoding="UTF-8"?>
<testsuite name="com.sejinik.springboot.web.IndexControllerTest" tests="1" skipped="0" failures="0" errors="0" timestamp="2020-05-14T03:55:22" hostname="DESKTOP-CSRSC0S" time="0.285">
  <properties/>
  <testcase name="메인페이지_로딩" classname="com.sejinik.springboot.web.IndexControllerTest" time="0.285"/>
  <system-out><![CDATA[2020-05-14 12:55:19.246  INFO 9280 --- [    Test worker] .b.t.c.SpringBootTestContextBootstrapper : Neither @ContextConfiguration nor @ContextHierarchy found for test class [com.sejinik.springboot.web.IndexControllerTest], using SpringBootContextLoader
2020-05-14 12:55:19.247  INFO 9280 --- [    Test worker] o.s.t.c.support.AbstractContextLoader    : Could not detect default resource locations for test class [com.sejinik.springboot.web.IndexControllerTest]: no resource found for suffixes {-context.xml, Context.groovy}.
2020-05-14 12:55:19.247  INFO 9280 --- [    Test worker] t.c.s.AnnotationConfigContextLoaderUtils : Could not detect default configuration classes for test class [com.sejinik.springboot.web.IndexControllerTest]: IndexControllerTest does not declare any static, non-private, non-final, nested classes annotated with @Configuration.
2020-05-14 12:55:19.250  INFO 9280 --- [    Test worker] .b.t.c.SpringBootTestContextBootstrapper : Found @SpringBootConfiguration com.sejinik.springboot.Application for test class com.sejinik.springboot.web.IndexControllerTest
2020-05-14 12:55:19.251  INFO 9280 --- [    Test worker] .b.t.c.SpringBootTestContextBootstrapper : Loaded default TestExecutionListener class names from location [META-INF/spring.factories]: [org.springframework.security.test.context.support.WithSecurityContextTestExecutionListener, org.springframework.security.test.context.support.ReactorContextTestExecutionListener, org.springframework.boot.test.autoconfigure.restdocs.RestDocsTestExecutionListener, org.springframework.boot.test.autoconfigure.web.client.MockRestServiceServerResetTestExecutionListener, org.springframework.boot.test.autoconfigure.web.servlet.MockMvcPrintOnlyOnFailureTestExecutionListener, org.springframework.boot.test.autoconfigure.web.servlet.WebDriverTestExecutionListener, org.springframework.boot.test.mock.mockito.MockitoTestExecutionListener, org.springframework.boot.test.mock.mockito.ResetMocksTestExecutionListener, org.springframework.test.context.web.ServletTestExecutionListener, org.springframework.test.context.support.DirtiesContextBeforeModesTestExecutionListener, org.springframework.test.context.support.DependencyInjectionTestExecutionListener, org.springframework.test.context.support.DirtiesContextTestExecutionListener, org.springframework.test.context.transaction.TransactionalTestExecutionListener, org.springframework.test.context.jdbc.SqlScriptsTestExecutionListener]
2020-05-14 12:55:19.252  INFO 9280 --- [    Test worker] .b.t.c.SpringBootTestContextBootstrapper : Using TestExecutionListeners: [org.springframework.test.context.web.ServletTestExecutionListener@2a3c7267, org.springframework.test.context.support.DirtiesContextBeforeModesTestExecutionListener@3b993857, org.springframework.boot.test.mock.mockito.MockitoTestExecutionListener@68d01c2e, org.springframework.boot.test.autoconfigure.SpringBootDependencyInjectionTestExecutionListener@25670779, org.springframework.test.context.support.DirtiesContextTestExecutionListener@6c81f6f8, org.springframework.test.context.transaction.TransactionalTestExecutionListener@1ea830bf, org.springframework.test.context.jdbc.SqlScriptsTestExecutionListener@76f17e28, org.springframework.security.test.context.support.WithSecurityContextTestExecutionListener@6b30f340, org.springframework.security.test.context.support.ReactorContextTestExecutionListener@8e5fee8, org.springframework.boot.test.autoconfigure.restdocs.RestDocsTestExecutionListener@57170a83, org.springframework.boot.test.autoconfigure.web.client.MockRestServiceServerResetTestExecutionListener@2a6a3e77, org.springframework.boot.test.autoconfigure.web.servlet.MockMvcPrintOnlyOnFailureTestExecutionListener@462c6289, org.springframework.boot.test.autoconfigure.web.servlet.WebDriverTestExecutionListener@6199d61a, org.springframework.boot.test.mock.mockito.ResetMocksTestExecutionListener@e358bb8]

  .   ____          _            __ _ _
 /\\ / ___'_ __ _ _(_)_ __  __ _ \ \ \ \
( ( )\___ | '_ | '_| | '_ \/ _` | \ \ \ \
 \\/  ___)| |_)| | | | | || (_| |  ) ) ) )
  '  |____| .__|_| |_|_| |_\__, | / / / /
 =========|_|==============|___/=/_/_/_/
 :: Spring Boot ::        (v2.1.7.RELEASE)

2020-05-14 12:55:19.297  INFO 9280 --- [    Test worker] c.s.springboot.web.IndexControllerTest   : Starting IndexControllerTest on DESKTOP-CSRSC0S with PID 9280 (started by sejin in C:\dev\springboot\projects\springboot2-webservice)
2020-05-14 12:55:19.299  INFO 9280 --- [    Test worker] c.s.springboot.web.IndexControllerTest   : No active profile set, falling back to default profiles: default
2020-05-14 12:55:19.633  INFO 9280 --- [    Test worker] .s.d.r.c.RepositoryConfigurationDelegate : Bootstrapping Spring Data repositories in DEFAULT mode.
2020-05-14 12:55:19.676  INFO 9280 --- [    Test worker] .s.d.r.c.RepositoryConfigurationDelegate : Finished Spring Data repository scanning in 42ms. Found 2 repository interfaces.
2020-05-14 12:55:19.837  INFO 9280 --- [    Test worker] trationDelegate$BeanPostProcessorChecker : Bean 'org.springframework.transaction.annotation.ProxyTransactionManagementConfiguration' of type [org.springframework.transaction.annotation.ProxyTransactionManagementConfiguration$$EnhancerBySpringCGLIB$$6892b909] is not eligible for getting processed by all BeanPostProcessors (for example: not eligible for auto-proxying)
2020-05-14 12:55:20.220  INFO 9280 --- [    Test worker] o.s.b.w.embedded.tomcat.TomcatWebServer  : Tomcat initialized with port(s): 0 (http)
2020-05-14 12:55:20.262  INFO 9280 --- [    Test worker] o.apache.catalina.core.StandardService   : Starting service [Tomcat]
2020-05-14 12:55:20.262  INFO 9280 --- [    Test worker] org.apache.catalina.core.StandardEngine  : Starting Servlet engine: [Apache Tomcat/9.0.22]
2020-05-14 12:55:20.508  INFO 9280 --- [    Test worker] o.a.c.c.C.[Tomcat].[localhost].[/]       : Initializing Spring embedded WebApplicationContext
2020-05-14 12:55:20.509  INFO 9280 --- [    Test worker] o.s.web.context.ContextLoader            : Root WebApplicationContext: initialization completed in 1206 ms
2020-05-14 12:55:20.801  INFO 9280 --- [    Test worker] com.zaxxer.hikari.HikariDataSource       : HikariPool-2 - Starting...
2020-05-14 12:55:20.802  INFO 9280 --- [    Test worker] com.zaxxer.hikari.HikariDataSource       : HikariPool-2 - Start completed.
2020-05-14 12:55:20.848  INFO 9280 --- [    Test worker] o.hibernate.jpa.internal.util.LogHelper  : HHH000204: Processing PersistenceUnitInfo [
	name: default
	...]
2020-05-14 12:55:20.860  INFO 9280 --- [    Test worker] org.hibernate.dialect.Dialect            : HHH000400: Using dialect: org.hibernate.dialect.MySQL5InnoDBDialect
Hibernate: drop table if exists posts
Hibernate: drop table if exists user
Hibernate: create table posts (id bigint not null auto_increment, created_date datetime, modified_date datetime, author varchar(255), content TEXT not null, title varchar(500) not null, primary key (id)) engine=InnoDB
Hibernate: create table user (id bigint not null auto_increment, email varchar(255) not null, name varchar(255) not null, picture varchar(255), role varchar(255) not null, primary key (id)) engine=InnoDB
2020-05-14 12:55:20.951  INFO 9280 --- [    Test worker] o.h.t.schema.internal.SchemaCreatorImpl  : HHH000476: Executing import script 'org.hibernate.tool.schema.internal.exec.ScriptSourceInputNonExistentImpl@266818c3'
2020-05-14 12:55:20.952  INFO 9280 --- [    Test worker] j.LocalContainerEntityManagerFactoryBean : Initialized JPA EntityManagerFactory for persistence unit 'default'
2020-05-14 12:55:21.437  INFO 9280 --- [    Test worker] o.h.h.i.QueryTranslatorFactoryInitiator  : HHH000397: Using ASTQueryTranslatorFactory
2020-05-14 12:55:21.903  INFO 9280 --- [    Test worker] o.s.s.web.DefaultSecurityFilterChain     : Creating filter chain: any request, [org.springframework.security.web.context.request.async.WebAsyncManagerIntegrationFilter@73f4cd51, org.springframework.security.web.context.SecurityContextPersistenceFilter@4a3cda0a, org.springframework.security.web.header.HeaderWriterFilter@48ddc3d8, org.springframework.security.web.authentication.logout.LogoutFilter@3f45d6cd, org.springframework.security.oauth2.client.web.OAuth2AuthorizationRequestRedirectFilter@613b3fbe, org.springframework.security.oauth2.client.web.OAuth2LoginAuthenticationFilter@41abf767, org.springframework.security.web.authentication.ui.DefaultLoginPageGeneratingFilter@1305a22d, org.springframework.security.web.authentication.ui.DefaultLogoutPageGeneratingFilter@64ff6081, org.springframework.security.web.savedrequest.RequestCacheAwareFilter@661c06e, org.springframework.security.web.servletapi.SecurityContextHolderAwareRequestFilter@20841079, org.springframework.security.web.authentication.AnonymousAuthenticationFilter@5c81756f, org.springframework.security.web.session.SessionManagementFilter@37109450, org.springframework.security.web.access.ExceptionTranslationFilter@68c48aa1, org.springframework.security.web.access.intercept.FilterSecurityInterceptor@3224a701]
2020-05-14 12:55:22.476  INFO 9280 --- [    Test worker] o.s.s.concurrent.ThreadPoolTaskExecutor  : Initializing ExecutorService 'applicationTaskExecutor'
2020-05-14 12:55:22.503  WARN 9280 --- [    Test worker] aWebConfiguration$JpaWebMvcConfiguration : spring.jpa.open-in-view is enabled by default. Therefore, database queries may be performed during view rendering. Explicitly configure spring.jpa.open-in-view to disable this warning
2020-05-14 12:55:22.538  INFO 9280 --- [    Test worker] o.s.b.a.w.s.WelcomePageHandlerMapping    : Adding welcome page template: index
2020-05-14 12:55:22.933  INFO 9280 --- [    Test worker] s.a.ScheduledAnnotationBeanPostProcessor : No TaskScheduler/ScheduledExecutorService bean found for scheduled processing
2020-05-14 12:55:22.960  INFO 9280 --- [    Test worker] o.s.b.w.embedded.tomcat.TomcatWebServer  : Tomcat started on port(s): 53992 (http) with context path ''
2020-05-14 12:55:22.961  INFO 9280 --- [    Test worker] c.s.springboot.web.IndexControllerTest   : Started IndexControllerTest in 3.706 seconds (JVM running for 18.528)
2020-05-14 12:55:23.092  INFO 9280 --- [o-auto-1-exec-1] o.a.c.c.C.[Tomcat].[localhost].[/]       : Initializing Spring DispatcherServlet 'dispatcherServlet'
2020-05-14 12:55:23.092  INFO 9280 --- [o-auto-1-exec-1] o.s.web.servlet.DispatcherServlet        : Initializing Servlet 'dispatcherServlet'
2020-05-14 12:55:23.139  INFO 9280 --- [o-auto-1-exec-1] o.s.web.servlet.DispatcherServlet        : Completed initialization in 47 ms
Hibernate: select posts0_.id as id1_0_, posts0_.created_date as created_2_0_, posts0_.modified_date as modified3_0_, posts0_.author as author4_0_, posts0_.content as content5_0_, posts0_.title as title6_0_ from posts posts0_ order by posts0_.id DESC
]]></system-out>
  <system-err><![CDATA[]]></system-err>
</testsuite>
