<?xml version="1.0" encoding="UTF-8"?>
<testsuite name="com.sejinik.springboot.web.HelloControllerTest" tests="2" skipped="0" failures="0" errors="0" timestamp="2020-05-14T03:55:11" hostname="DESKTOP-CSRSC0S" time="0.504">
  <properties/>
  <testcase name="hello가_리턴된다" classname="com.sejinik.springboot.web.HelloControllerTest" time="0.392"/>
  <testcase name="helloDto가_리턴된다" classname="com.sejinik.springboot.web.HelloControllerTest" time="0.111"/>
  <system-out><![CDATA[12:55:05.875 [Test worker] DEBUG org.springframework.test.context.junit4.SpringJUnit4ClassRunner - SpringJUnit4ClassRunner constructor called with [class com.sejinik.springboot.web.HelloControllerTest]
12:55:05.888 [Test worker] DEBUG org.springframework.test.context.BootstrapUtils - Instantiating CacheAwareContextLoaderDelegate from class [org.springframework.test.context.cache.DefaultCacheAwareContextLoaderDelegate]
12:55:05.903 [Test worker] DEBUG org.springframework.test.context.BootstrapUtils - Instantiating BootstrapContext using constructor [public org.springframework.test.context.support.DefaultBootstrapContext(java.lang.Class,org.springframework.test.context.CacheAwareContextLoaderDelegate)]
12:55:05.944 [Test worker] DEBUG org.springframework.test.context.BootstrapUtils - Instantiating TestContextBootstrapper for test class [com.sejinik.springboot.web.HelloControllerTest] from class [org.springframework.boot.test.autoconfigure.web.servlet.WebMvcTestContextBootstrapper]
12:55:05.983 [Test worker] INFO org.springframework.boot.test.autoconfigure.web.servlet.WebMvcTestContextBootstrapper - Neither @ContextConfiguration nor @ContextHierarchy found for test class [com.sejinik.springboot.web.HelloControllerTest], using SpringBootContextLoader
12:55:05.992 [Test worker] DEBUG org.springframework.test.context.support.AbstractContextLoader - Did not detect default resource location for test class [com.sejinik.springboot.web.HelloControllerTest]: class path resource [com/sejinik/springboot/web/HelloControllerTest-context.xml] does not exist
12:55:05.994 [Test worker] DEBUG org.springframework.test.context.support.AbstractContextLoader - Did not detect default resource location for test class [com.sejinik.springboot.web.HelloControllerTest]: class path resource [com/sejinik/springboot/web/HelloControllerTestContext.groovy] does not exist
12:55:05.994 [Test worker] INFO org.springframework.test.context.support.AbstractContextLoader - Could not detect default resource locations for test class [com.sejinik.springboot.web.HelloControllerTest]: no resource found for suffixes {-context.xml, Context.groovy}.
12:55:05.997 [Test worker] INFO org.springframework.test.context.support.AnnotationConfigContextLoaderUtils - Could not detect default configuration classes for test class [com.sejinik.springboot.web.HelloControllerTest]: HelloControllerTest does not declare any static, non-private, non-final, nested classes annotated with @Configuration.
12:55:06.137 [Test worker] DEBUG org.springframework.test.context.support.ActiveProfilesUtils - Could not find an 'annotation declaring class' for annotation type [org.springframework.test.context.ActiveProfiles] and class [com.sejinik.springboot.web.HelloControllerTest]
12:55:06.273 [Test worker] DEBUG org.springframework.context.annotation.ClassPathScanningCandidateComponentProvider - Identified candidate component class: file [C:\dev\springboot\projects\springboot2-webservice\build\classes\java\main\com\sejinik\springboot\Application.class]
12:55:06.274 [Test worker] INFO org.springframework.boot.test.context.SpringBootTestContextBootstrapper - Found @SpringBootConfiguration com.sejinik.springboot.Application for test class com.sejinik.springboot.web.HelloControllerTest
12:55:06.277 [Test worker] DEBUG org.springframework.boot.test.autoconfigure.web.servlet.WebMvcTestContextBootstrapper - @TestExecutionListeners is not present for class [com.sejinik.springboot.web.HelloControllerTest]: using defaults.
12:55:06.278 [Test worker] INFO org.springframework.boot.test.autoconfigure.web.servlet.WebMvcTestContextBootstrapper - Loaded default TestExecutionListener class names from location [META-INF/spring.factories]: [org.springframework.security.test.context.support.WithSecurityContextTestExecutionListener, org.springframework.security.test.context.support.ReactorContextTestExecutionListener, org.springframework.boot.test.autoconfigure.restdocs.RestDocsTestExecutionListener, org.springframework.boot.test.autoconfigure.web.client.MockRestServiceServerResetTestExecutionListener, org.springframework.boot.test.autoconfigure.web.servlet.MockMvcPrintOnlyOnFailureTestExecutionListener, org.springframework.boot.test.autoconfigure.web.servlet.WebDriverTestExecutionListener, org.springframework.boot.test.mock.mockito.MockitoTestExecutionListener, org.springframework.boot.test.mock.mockito.ResetMocksTestExecutionListener, org.springframework.test.context.web.ServletTestExecutionListener, org.springframework.test.context.support.DirtiesContextBeforeModesTestExecutionListener, org.springframework.test.context.support.DependencyInjectionTestExecutionListener, org.springframework.test.context.support.DirtiesContextTestExecutionListener, org.springframework.test.context.transaction.TransactionalTestExecutionListener, org.springframework.test.context.jdbc.SqlScriptsTestExecutionListener]
12:55:06.309 [Test worker] INFO org.springframework.boot.test.autoconfigure.web.servlet.WebMvcTestContextBootstrapper - Using TestExecutionListeners: [org.springframework.test.context.web.ServletTestExecutionListener@232dccd1, org.springframework.test.context.support.DirtiesContextBeforeModesTestExecutionListener@6cd7f037, org.springframework.boot.test.mock.mockito.MockitoTestExecutionListener@8d29509, org.springframework.boot.test.autoconfigure.SpringBootDependencyInjectionTestExecutionListener@37fe3768, org.springframework.test.context.support.DirtiesContextTestExecutionListener@7af82e02, org.springframework.test.context.transaction.TransactionalTestExecutionListener@29fd2f22, org.springframework.test.context.jdbc.SqlScriptsTestExecutionListener@351b9dc9, org.springframework.security.test.context.support.WithSecurityContextTestExecutionListener@7318a975, org.springframework.security.test.context.support.ReactorContextTestExecutionListener@48ab112a, org.springframework.boot.test.autoconfigure.restdocs.RestDocsTestExecutionListener@86fa322, org.springframework.boot.test.autoconfigure.web.client.MockRestServiceServerResetTestExecutionListener@61738233, org.springframework.boot.test.autoconfigure.web.servlet.MockMvcPrintOnlyOnFailureTestExecutionListener@5796cc69, org.springframework.boot.test.autoconfigure.web.servlet.WebDriverTestExecutionListener@47a4a5f0, org.springframework.boot.test.mock.mockito.ResetMocksTestExecutionListener@32a76895]
12:55:06.312 [Test worker] DEBUG org.springframework.test.annotation.ProfileValueUtils - Retrieved @ProfileValueSourceConfiguration [null] for test class [com.sejinik.springboot.web.HelloControllerTest]
12:55:06.313 [Test worker] DEBUG org.springframework.test.annotation.ProfileValueUtils - Retrieved ProfileValueSource type [class org.springframework.test.annotation.SystemProfileValueSource] for class [com.sejinik.springboot.web.HelloControllerTest]
12:55:06.314 [Test worker] DEBUG org.springframework.test.annotation.ProfileValueUtils - Retrieved @ProfileValueSourceConfiguration [null] for test class [com.sejinik.springboot.web.HelloControllerTest]
12:55:06.314 [Test worker] DEBUG org.springframework.test.annotation.ProfileValueUtils - Retrieved ProfileValueSource type [class org.springframework.test.annotation.SystemProfileValueSource] for class [com.sejinik.springboot.web.HelloControllerTest]
12:55:06.320 [Test worker] DEBUG org.springframework.test.context.support.AbstractDirtiesContextTestExecutionListener - Before test class: context [DefaultTestContext@54e5ff88 testClass = HelloControllerTest, testInstance = [null], testMethod = [null], testException = [null], mergedContextConfiguration = [WebMergedContextConfiguration@2d777ae4 testClass = HelloControllerTest, locations = '{}', classes = '{class com.sejinik.springboot.Application}', contextInitializerClasses = '[]', activeProfiles = '{}', propertySourceLocations = '{}', propertySourceProperties = '{org.springframework.boot.test.autoconfigure.web.servlet.WebMvcTestContextBootstrapper=true}', contextCustomizers = set[org.springframework.boot.test.autoconfigure.OverrideAutoConfigurationContextCustomizerFactory$DisableAutoConfigurationContextCustomizer@29b18edf, org.springframework.boot.test.autoconfigure.filter.TypeExcludeFiltersContextCustomizer@4d6bd814, org.springframework.boot.test.autoconfigure.properties.PropertyMappingContextCustomizer@23b767e, org.springframework.boot.test.autoconfigure.web.servlet.WebDriverContextCustomizerFactory$Customizer@de63228, [ImportsContextCustomizer@67560324 key = [org.springframework.boot.autoconfigure.cache.CacheAutoConfiguration, org.springframework.boot.autoconfigure.context.MessageSourceAutoConfiguration, org.springframework.boot.autoconfigure.data.web.SpringDataWebAutoConfiguration, org.springframework.boot.autoconfigure.freemarker.FreeMarkerAutoConfiguration, org.springframework.boot.autoconfigure.groovy.template.GroovyTemplateAutoConfiguration, org.springframework.boot.autoconfigure.gson.GsonAutoConfiguration, org.springframework.boot.autoconfigure.hateoas.HypermediaAutoConfiguration, org.springframework.boot.autoconfigure.http.HttpMessageConvertersAutoConfiguration, org.springframework.boot.autoconfigure.jackson.JacksonAutoConfiguration, org.springframework.boot.autoconfigure.jsonb.JsonbAutoConfiguration, org.springframework.boot.autoconfigure.mustache.MustacheAutoConfiguration, org.springframework.boot.autoconfigure.task.TaskExecutionAutoConfiguration, org.springframework.boot.autoconfigure.thymeleaf.ThymeleafAutoConfiguration, org.springframework.boot.autoconfigure.validation.ValidationAutoConfiguration, org.springframework.boot.autoconfigure.web.servlet.error.ErrorMvcAutoConfiguration, org.springframework.boot.autoconfigure.web.servlet.WebMvcAutoConfiguration, org.springframework.boot.test.autoconfigure.web.servlet.MockMvcAutoConfiguration, org.springframework.boot.test.autoconfigure.web.servlet.MockMvcSecurityAutoConfiguration, org.springframework.boot.test.autoconfigure.web.servlet.MockMvcWebClientAutoConfiguration, org.springframework.boot.test.autoconfigure.web.servlet.MockMvcWebDriverAutoConfiguration]], org.springframework.boot.test.context.filter.ExcludeFilterContextCustomizer@52bc9501, org.springframework.boot.test.json.DuplicateJsonObjectContextCustomizerFactory$DuplicateJsonObjectContextCustomizer@6c472a55, org.springframework.boot.test.mock.mockito.MockitoContextCustomizer@0], resourceBasePath = 'src/main/webapp', contextLoader = 'org.springframework.boot.test.context.SpringBootContextLoader', parent = [null]], attributes = map[[empty]]], class annotated with @DirtiesContext [false] with mode [null].
12:55:06.323 [Test worker] DEBUG org.springframework.test.annotation.ProfileValueUtils - Retrieved @ProfileValueSourceConfiguration [null] for test class [com.sejinik.springboot.web.HelloControllerTest]
12:55:06.323 [Test worker] DEBUG org.springframework.test.annotation.ProfileValueUtils - Retrieved ProfileValueSource type [class org.springframework.test.annotation.SystemProfileValueSource] for class [com.sejinik.springboot.web.HelloControllerTest]
12:55:06.332 [Test worker] DEBUG org.springframework.test.context.support.DependencyInjectionTestExecutionListener - Performing dependency injection for test context [[DefaultTestContext@54e5ff88 testClass = HelloControllerTest, testInstance = com.sejinik.springboot.web.HelloControllerTest@1a4cc878, testMethod = [null], testException = [null], mergedContextConfiguration = [WebMergedContextConfiguration@2d777ae4 testClass = HelloControllerTest, locations = '{}', classes = '{class com.sejinik.springboot.Application}', contextInitializerClasses = '[]', activeProfiles = '{}', propertySourceLocations = '{}', propertySourceProperties = '{org.springframework.boot.test.autoconfigure.web.servlet.WebMvcTestContextBootstrapper=true}', contextCustomizers = set[org.springframework.boot.test.autoconfigure.OverrideAutoConfigurationContextCustomizerFactory$DisableAutoConfigurationContextCustomizer@29b18edf, org.springframework.boot.test.autoconfigure.filter.TypeExcludeFiltersContextCustomizer@4d6bd814, org.springframework.boot.test.autoconfigure.properties.PropertyMappingContextCustomizer@23b767e, org.springframework.boot.test.autoconfigure.web.servlet.WebDriverContextCustomizerFactory$Customizer@de63228, [ImportsContextCustomizer@67560324 key = [org.springframework.boot.autoconfigure.cache.CacheAutoConfiguration, org.springframework.boot.autoconfigure.context.MessageSourceAutoConfiguration, org.springframework.boot.autoconfigure.data.web.SpringDataWebAutoConfiguration, org.springframework.boot.autoconfigure.freemarker.FreeMarkerAutoConfiguration, org.springframework.boot.autoconfigure.groovy.template.GroovyTemplateAutoConfiguration, org.springframework.boot.autoconfigure.gson.GsonAutoConfiguration, org.springframework.boot.autoconfigure.hateoas.HypermediaAutoConfiguration, org.springframework.boot.autoconfigure.http.HttpMessageConvertersAutoConfiguration, org.springframework.boot.autoconfigure.jackson.JacksonAutoConfiguration, org.springframework.boot.autoconfigure.jsonb.JsonbAutoConfiguration, org.springframework.boot.autoconfigure.mustache.MustacheAutoConfiguration, org.springframework.boot.autoconfigure.task.TaskExecutionAutoConfiguration, org.springframework.boot.autoconfigure.thymeleaf.ThymeleafAutoConfiguration, org.springframework.boot.autoconfigure.validation.ValidationAutoConfiguration, org.springframework.boot.autoconfigure.web.servlet.error.ErrorMvcAutoConfiguration, org.springframework.boot.autoconfigure.web.servlet.WebMvcAutoConfiguration, org.springframework.boot.test.autoconfigure.web.servlet.MockMvcAutoConfiguration, org.springframework.boot.test.autoconfigure.web.servlet.MockMvcSecurityAutoConfiguration, org.springframework.boot.test.autoconfigure.web.servlet.MockMvcWebClientAutoConfiguration, org.springframework.boot.test.autoconfigure.web.servlet.MockMvcWebDriverAutoConfiguration]], org.springframework.boot.test.context.filter.ExcludeFilterContextCustomizer@52bc9501, org.springframework.boot.test.json.DuplicateJsonObjectContextCustomizerFactory$DuplicateJsonObjectContextCustomizer@6c472a55, org.springframework.boot.test.mock.mockito.MockitoContextCustomizer@0], resourceBasePath = 'src/main/webapp', contextLoader = 'org.springframework.boot.test.context.SpringBootContextLoader', parent = [null]], attributes = map[[empty]]]].
12:55:06.500 [Test worker] DEBUG org.springframework.test.context.support.TestPropertySourceUtils - Adding inlined properties to environment: {spring.jmx.enabled=false, org.springframework.boot.test.autoconfigure.web.servlet.WebMvcTestContextBootstrapper=true, server.port=-1}

  .   ____          _            __ _ _
 /\\ / ___'_ __ _ _(_)_ __  __ _ \ \ \ \
( ( )\___ | '_ | '_| | '_ \/ _` | \ \ \ \
 \\/  ___)| |_)| | | | | || (_| |  ) ) ) )
  '  |____| .__|_| |_|_| |_\__, | / / / /
 =========|_|==============|___/=/_/_/_/
 :: Spring Boot ::        (v2.1.7.RELEASE)

2020-05-14 12:55:07.073  INFO 9280 --- [    Test worker] c.s.springboot.web.HelloControllerTest   : Starting HelloControllerTest on DESKTOP-CSRSC0S with PID 9280 (started by sejin in C:\dev\springboot\projects\springboot2-webservice)
2020-05-14 12:55:07.081  INFO 9280 --- [    Test worker] c.s.springboot.web.HelloControllerTest   : No active profile set, falling back to default profiles: default
2020-05-14 12:55:09.715  INFO 9280 --- [    Test worker] o.s.s.concurrent.ThreadPoolTaskExecutor  : Initializing ExecutorService 'applicationTaskExecutor'
2020-05-14 12:55:09.860  INFO 9280 --- [    Test worker] o.s.b.a.w.s.WelcomePageHandlerMapping    : Adding welcome page template: index
2020-05-14 12:55:10.491  INFO 9280 --- [    Test worker] .s.s.UserDetailsServiceAutoConfiguration : 

Using generated security password: 658e6d34-09d7-4345-a3fc-11c3f27aff73

2020-05-14 12:55:11.030  INFO 9280 --- [    Test worker] o.s.s.web.DefaultSecurityFilterChain     : Creating filter chain: any request, [org.springframework.security.web.context.request.async.WebAsyncManagerIntegrationFilter@4a995181, org.springframework.security.web.context.SecurityContextPersistenceFilter@47a47c4a, org.springframework.security.web.header.HeaderWriterFilter@78951e5c, org.springframework.security.web.csrf.CsrfFilter@175177c8, org.springframework.security.web.authentication.logout.LogoutFilter@751f410e, org.springframework.security.web.authentication.UsernamePasswordAuthenticationFilter@7b486795, org.springframework.security.web.authentication.ui.DefaultLoginPageGeneratingFilter@3c805f47, org.springframework.security.web.authentication.ui.DefaultLogoutPageGeneratingFilter@1fd28f12, org.springframework.security.web.authentication.www.BasicAuthenticationFilter@193c114f, org.springframework.security.web.savedrequest.RequestCacheAwareFilter@5f64d28e, org.springframework.security.web.servletapi.SecurityContextHolderAwareRequestFilter@507340ed, org.springframework.security.web.authentication.AnonymousAuthenticationFilter@4705596f, org.springframework.security.web.session.SessionManagementFilter@35709791, org.springframework.security.web.access.ExceptionTranslationFilter@43795886, org.springframework.security.web.access.intercept.FilterSecurityInterceptor@71a21db7]
2020-05-14 12:55:11.137  INFO 9280 --- [    Test worker] o.s.b.t.m.w.SpringBootMockServletContext : Initializing Spring TestDispatcherServlet ''
2020-05-14 12:55:11.139  INFO 9280 --- [    Test worker] o.s.t.web.servlet.TestDispatcherServlet  : Initializing Servlet ''
2020-05-14 12:55:11.178  INFO 9280 --- [    Test worker] o.s.t.web.servlet.TestDispatcherServlet  : Completed initialization in 38 ms
2020-05-14 12:55:11.498  INFO 9280 --- [    Test worker] c.s.springboot.web.HelloControllerTest   : Started HelloControllerTest in 4.988 seconds (JVM running for 7.064)
]]></system-out>
  <system-err><![CDATA[]]></system-err>
</testsuite>
